\BOOKMARK [1][-]{section.1}{Project 1 - Histogram Equalization}{}% 1
\BOOKMARK [2][-]{subsection.1.1}{Project Proposal}{section.1}% 2
\BOOKMARK [2][-]{subsection.1.2}{Preliminaries}{section.1}% 3
\BOOKMARK [2][-]{subsection.1.3}{Histogram equalization}{section.1}% 4
\BOOKMARK [2][-]{subsection.1.4}{Discussion}{section.1}% 5
\BOOKMARK [2][-]{subsection.1.5}{Implementation}{section.1}% 6
\BOOKMARK [1][-]{section.2}{Project 2 - Spatial Enhancement Methods}{}% 7
\BOOKMARK [2][-]{subsection.2.1}{Project Proposal}{section.2}% 8
\BOOKMARK [2][-]{subsection.2.2}{Preliminaries}{section.2}% 9
\BOOKMARK [3][-]{subsubsection.2.2.1}{Basic Spatial Filtering}{subsection.2.2}% 10
\BOOKMARK [2][-]{subsection.2.3}{Experiment - Combining Spatial Enhancement}{section.2}% 11
\BOOKMARK [2][-]{subsection.2.4}{Discussion}{section.2}% 12
\BOOKMARK [2][-]{subsection.2.5}{Implementation}{section.2}% 13
\BOOKMARK [1][-]{section.3}{Project 3 - Filtering in Frequency Domain}{}% 14
\BOOKMARK [2][-]{subsection.3.1}{Project Proposal}{section.3}% 15
\BOOKMARK [2][-]{subsection.3.2}{Preliminaries}{section.3}% 16
\BOOKMARK [3][-]{subsubsection.3.2.1}{Summary of Fourier transform properties}{subsection.3.2}% 17
\BOOKMARK [3][-]{subsubsection.3.2.2}{Steps for filtering in the frequency domain}{subsection.3.2}% 18
\BOOKMARK [2][-]{subsection.3.3}{Frequency Domain Filters}{section.3}% 19
\BOOKMARK [2][-]{subsection.3.4}{Experiment}{section.3}% 20
\BOOKMARK [3][-]{subsubsection.3.4.1}{Image smoothing by lowpass filtering}{subsection.3.4}% 21
\BOOKMARK [3][-]{subsubsection.3.4.2}{Image sharpening by highpass filtering}{subsection.3.4}% 22
\BOOKMARK [2][-]{subsection.3.5}{Discussion}{section.3}% 23
\BOOKMARK [2][-]{subsection.3.6}{Implementation}{section.3}% 24
\BOOKMARK [1][-]{section.4}{Project 4 - Image Restoration}{}% 25
\BOOKMARK [2][-]{subsection.4.1}{Project Proposal}{section.4}% 26
\BOOKMARK [2][-]{subsection.4.2}{Preliminaries}{section.4}% 27
\BOOKMARK [3][-]{subsubsection.4.2.1}{Noise Models}{subsection.4.2}% 28
\BOOKMARK [3][-]{subsubsection.4.2.2}{Generation of Noise Distribution}{subsection.4.2}% 29
\BOOKMARK [3][-]{subsubsection.4.2.3}{Restoratoin in the Presence of Noise Only-Spatial Filtering}{subsection.4.2}% 30
\BOOKMARK [2][-]{subsection.4.3}{Experiment-1 Generate different noise}{section.4}% 31
\BOOKMARK [2][-]{subsection.4.4}{Experiment-2 Noise reduction}{section.4}% 32
\BOOKMARK [3][-]{subsubsection.4.4.1}{Follow fig5.7 in textbook}{subsection.4.4}% 33
\BOOKMARK [3][-]{subsubsection.4.4.2}{Follow fig5.8 in textbook}{subsection.4.4}% 34
\BOOKMARK [3][-]{subsubsection.4.4.3}{Follow fig.5.9 in textbook}{subsection.4.4}% 35
\BOOKMARK [3][-]{subsubsection.4.4.4}{Follow fig.5.10 in textbook}{subsection.4.4}% 36
\BOOKMARK [3][-]{subsubsection.4.4.5}{Follow fig.5.11 in textbook}{subsection.4.4}% 37
\BOOKMARK [3][-]{subsubsection.4.4.6}{Follow fig.5.12 in textbook}{subsection.4.4}% 38
\BOOKMARK [2][-]{subsection.4.5}{Implementation}{section.4}% 39
\BOOKMARK [1][-]{section.5}{Project 5 - Image Restoration}{}% 40
\BOOKMARK [2][-]{subsection.5.1}{Project Proposal}{section.5}% 41
\BOOKMARK [2][-]{subsection.5.2}{Preliminaries}{section.5}% 42
\BOOKMARK [3][-]{subsubsection.5.2.1}{A model of the image degradation/restoration process}{subsection.5.2}% 43
\BOOKMARK [3][-]{subsubsection.5.2.2}{Inverse Filtering}{subsection.5.2}% 44
\BOOKMARK [3][-]{subsubsection.5.2.3}{Wiener filtering}{subsection.5.2}% 45
\BOOKMARK [2][-]{subsection.5.3}{Experiment}{section.5}% 46
\BOOKMARK [2][-]{subsection.5.4}{Discussion}{section.5}% 47
\BOOKMARK [2][-]{subsection.5.5}{Implementation}{section.5}% 48
\BOOKMARK [1][-]{section.6}{Project 6 - Geometric Transformation}{}% 49
\BOOKMARK [2][-]{subsection.6.1}{Project Proposal}{section.6}% 50
\BOOKMARK [2][-]{subsection.6.2}{Preliminary}{section.6}% 51
\BOOKMARK [3][-]{subsubsection.6.2.1}{Spatial Transform}{subsection.6.2}% 52
\BOOKMARK [3][-]{subsubsection.6.2.2}{Interpolation}{subsection.6.2}% 53
\BOOKMARK [2][-]{subsection.6.3}{Experiment}{section.6}% 54
\BOOKMARK [2][-]{subsection.6.4}{Implementation}{section.6}% 55
\BOOKMARK [2][-]{subsection.6.5}{Discussion}{section.6}% 56
\BOOKMARK [1][-]{section.7}{Project 7 - Transform Image Compression}{}% 57
\BOOKMARK [2][-]{subsection.7.1}{Project Proposal}{section.7}% 58
\BOOKMARK [2][-]{subsection.7.2}{Preliminaries}{section.7}% 59
\BOOKMARK [3][-]{subsubsection.7.2.1}{Block Transform Coding}{subsection.7.2}% 60
\BOOKMARK [3][-]{subsubsection.7.2.2}{Discrete cosine transform \(DCT\)}{subsection.7.2}% 61
\BOOKMARK [3][-]{subsubsection.7.2.3}{Bit allocation}{subsection.7.2}% 62
\BOOKMARK [2][-]{subsection.7.3}{Experiment}{section.7}% 63
\BOOKMARK [2][-]{subsection.7.4}{Implementation}{section.7}% 64
\BOOKMARK [1][-]{section.8}{Project 8 - Morphological Processing}{}% 65
\BOOKMARK [2][-]{subsection.8.1}{Project Proposal}{section.8}% 66
\BOOKMARK [2][-]{subsection.8.2}{Preliminaries}{section.8}% 67
\BOOKMARK [3][-]{subsubsection.8.2.1}{Basic morphological operations}{subsection.8.2}% 68
\BOOKMARK [3][-]{subsubsection.8.2.2}{Morphological restoration}{subsection.8.2}% 69
\BOOKMARK [2][-]{subsection.8.3}{Task-1 Opening by reconstruction}{section.8}% 70
\BOOKMARK [2][-]{subsection.8.4}{Task-2 Hole filling}{section.8}% 71
\BOOKMARK [2][-]{subsection.8.5}{Task-3 Border clearing}{section.8}% 72
\BOOKMARK [2][-]{subsection.8.6}{Implementation}{section.8}% 73
\BOOKMARK [2][-]{subsection.8.7}{Discussion}{section.8}% 74
\BOOKMARK [1][-]{section.9}{Project 9 - Image Segmentation}{}% 75
\BOOKMARK [2][-]{subsection.9.1}{Project Proposal}{section.9}% 76
\BOOKMARK [2][-]{subsection.9.2}{Preliminaries}{section.9}% 77
\BOOKMARK [3][-]{subsubsection.9.2.1}{Edge detection}{subsection.9.2}% 78
\BOOKMARK [3][-]{subsubsection.9.2.2}{Basic edge detection}{subsection.9.2}% 79
\BOOKMARK [3][-]{subsubsection.9.2.3}{More advanced techniques for edge detection}{subsection.9.2}% 80
\BOOKMARK [3][-]{subsubsection.9.2.4}{Thresholding Segmentation}{subsection.9.2}% 81
\BOOKMARK [2][-]{subsection.9.3}{Experiment}{section.9}% 82
\BOOKMARK [3][-]{subsubsection.9.3.1}{Edge detection}{subsection.9.3}% 83
\BOOKMARK [3][-]{subsubsection.9.3.2}{Global thresholding}{subsection.9.3}% 84
\BOOKMARK [2][-]{subsection.9.4}{Implementation}{section.9}% 85
\BOOKMARK [1][-]{section.10}{Project 10 - Image Representation and Description}{}% 86
\BOOKMARK [2][-]{subsection.10.1}{Project Proposal}{section.10}% 87
\BOOKMARK [2][-]{subsection.10.2}{Preliminaries}{section.10}% 88
\BOOKMARK [3][-]{subsubsection.10.2.1}{Boundary following}{subsection.10.2}% 89
\BOOKMARK [3][-]{subsubsection.10.2.2}{Chain Codes}{subsection.10.2}% 90
\BOOKMARK [3][-]{subsubsection.10.2.3}{Use of principle components for description}{subsection.10.2}% 91
\BOOKMARK [2][-]{subsection.10.3}{Experiment}{section.10}% 92
\BOOKMARK [3][-]{subsubsection.10.3.1}{Border following}{subsection.10.3}% 93
\BOOKMARK [3][-]{subsubsection.10.3.2}{Principal components description}{subsection.10.3}% 94
\BOOKMARK [2][-]{subsection.10.4}{Implementation}{section.10}% 95
