This is pdfTeX, Version 3.14159265-2.6-1.40.18 (MiKTeX 2.9.6350 64-bit) (preloaded format=pdflatex 2017.6.29)  11 NOV 2017 20:13
entering extended mode
**G:/zschool/17fall/dip/project/report/report-main.tex
(G:/zschool/17fall/dip/project/report/report-main.tex
LaTeX2e <2017-04-15>
Babel <3.10> and hyphenation patterns for 75 language(s) loaded.
(F:\MiKTeX2.9\tex\latex\base\article.cls
Document Class: article 2014/09/29 v1.4h Standard LaTeX document class
(F:\MiKTeX2.9\tex\latex\base\size10.clo
File: size10.clo 2014/09/29 v1.4h Standard LaTeX file (size option)
)
\c@part=\count79
\c@section=\count80
\c@subsection=\count81
\c@subsubsection=\count82
\c@paragraph=\count83
\c@subparagraph=\count84
\c@figure=\count85
\c@table=\count86
\abovecaptionskip=\skip41
\belowcaptionskip=\skip42
\bibindent=\dimen102
)
(F:\MiKTeX2.9\tex\latex\tools\array.sty
Package: array 2016/10/06 v2.4d Tabular extension package (FMi)
\col@sep=\dimen103
\extrarowheight=\dimen104
\NC@list=\toks14
\extratabsurround=\skip43
\backup@length=\skip44
)
(F:\MiKTeX2.9\tex\latex\amsmath\amsmath.sty
Package: amsmath 2016/11/05 v2.16a AMS math features
\@mathmargin=\skip45

For additional information on amsmath, use the `?' option.
(F:\MiKTeX2.9\tex\latex\amsmath\amstext.sty
Package: amstext 2000/06/29 v2.01 AMS text

(F:\MiKTeX2.9\tex\latex\amsmath\amsgen.sty
File: amsgen.sty 1999/11/30 v2.0 generic functions
\@emptytoks=\toks15
\ex@=\dimen105
))
(F:\MiKTeX2.9\tex\latex\amsmath\amsbsy.sty
Package: amsbsy 1999/11/29 v1.2d Bold Symbols
\pmbraise@=\dimen106
)
(F:\MiKTeX2.9\tex\latex\amsmath\amsopn.sty
Package: amsopn 2016/03/08 v2.02 operator names
)
\inf@bad=\count87
LaTeX Info: Redefining \frac on input line 213.
\uproot@=\count88
\leftroot@=\count89
LaTeX Info: Redefining \overline on input line 375.
\classnum@=\count90
\DOTSCASE@=\count91
LaTeX Info: Redefining \ldots on input line 472.
LaTeX Info: Redefining \dots on input line 475.
LaTeX Info: Redefining \cdots on input line 596.
\Mathstrutbox@=\box26
\strutbox@=\box27
\big@size=\dimen107
LaTeX Font Info:    Redeclaring font encoding OML on input line 712.
LaTeX Font Info:    Redeclaring font encoding OMS on input line 713.
\macc@depth=\count92
\c@MaxMatrixCols=\count93
\dotsspace@=\muskip10
\c@parentequation=\count94
\dspbrk@lvl=\count95
\tag@help=\toks16
\row@=\count96
\column@=\count97
\maxfields@=\count98
\andhelp@=\toks17
\eqnshift@=\dimen108
\alignsep@=\dimen109
\tagshift@=\dimen110
\tagwidth@=\dimen111
\totwidth@=\dimen112
\lineht@=\dimen113
\@envbody=\toks18
\multlinegap=\skip46
\multlinetaggap=\skip47
\mathdisplay@stack=\toks19
LaTeX Info: Redefining \[ on input line 2817.
LaTeX Info: Redefining \] on input line 2818.
)
(F:\MiKTeX2.9\tex\latex\listings\listings.sty
(F:\MiKTeX2.9\tex\latex\graphics\keyval.sty
Package: keyval 2014/10/28 v1.15 key=value parser (DPC)
\KV@toks@=\toks20
)
\lst@mode=\count99
\lst@gtempboxa=\box28
\lst@token=\toks21
\lst@length=\count100
\lst@currlwidth=\dimen114
\lst@column=\count101
\lst@pos=\count102
\lst@lostspace=\dimen115
\lst@width=\dimen116
\lst@newlines=\count103
\lst@lineno=\count104
\lst@maxwidth=\dimen117

(F:\MiKTeX2.9\tex\latex\listings\lstmisc.sty
File: lstmisc.sty 2015/06/04 1.6 (Carsten Heinz)
\c@lstnumber=\count105
\lst@skipnumbers=\count106
\lst@framebox=\box29
)
(F:\MiKTeX2.9\tex\latex\listings\listings.cfg
File: listings.cfg 2015/06/04 1.6 listings configuration
))
Package: listings 2015/06/04 1.6 (Carsten Heinz)

(F:\MiKTeX2.9\tex\latex\graphics\graphicx.sty
Package: graphicx 2014/10/28 v1.0g Enhanced LaTeX Graphics (DPC,SPQR)

(F:\MiKTeX2.9\tex\latex\graphics\graphics.sty
Package: graphics 2017/04/14 v1.1b Standard LaTeX Graphics (DPC,SPQR)

(F:\MiKTeX2.9\tex\latex\graphics\trig.sty
Package: trig 2016/01/03 v1.10 sin cos tan (DPC)
)
(F:\MiKTeX2.9\tex\latex\graphics-cfg\graphics.cfg
File: graphics.cfg 2016/06/04 v1.11 sample graphics configuration
)
Package graphics Info: Driver file: pdftex.def on input line 99.

(F:\MiKTeX2.9\tex\latex\graphics-def\pdftex.def
File: pdftex.def 2017/01/12 v0.06k Graphics/color for pdfTeX

(F:\MiKTeX2.9\tex\generic\oberdiek\infwarerr.sty
Package: infwarerr 2016/05/16 v1.4 Providing info/warning/error messages (HO)
)
(F:\MiKTeX2.9\tex\generic\oberdiek\ltxcmds.sty
Package: ltxcmds 2016/05/16 v1.23 LaTeX kernel commands for general use (HO)
)
\Gread@gobject=\count107
))
\Gin@req@height=\dimen118
\Gin@req@width=\dimen119
)
(F:\MiKTeX2.9\tex\latex\caption\subcaption.sty
Package: subcaption 2016/05/22 v1.1-161 Sub-captions (AR)

(F:\MiKTeX2.9\tex\latex\caption\caption.sty
Package: caption 2016/02/21 v3.3-144 Customizing captions (AR)

(F:\MiKTeX2.9\tex\latex\caption\caption3.sty
Package: caption3 2016/05/22 v1.7-166 caption3 kernel (AR)
Package caption3 Info: TeX engine: e-TeX on input line 67.
\captionmargin=\dimen120
\captionmargin@=\dimen121
\captionwidth=\dimen122
\caption@tempdima=\dimen123
\caption@indent=\dimen124
\caption@parindent=\dimen125
\caption@hangindent=\dimen126
)
\c@ContinuedFloat=\count108
Package caption Info: listings package is loaded.
)
\c@subfigure=\count109
\c@subtable=\count110
)
(F:\MiKTeX2.9\tex\latex\graphics\color.sty
Package: color 2016/07/10 v1.1e Standard LaTeX Color (DPC)

(F:\MiKTeX2.9\tex\latex\graphics-cfg\color.cfg
File: color.cfg 2016/01/02 v1.6 sample color configuration
)
Package color Info: Driver file: pdftex.def on input line 147.
)
(F:\MiKTeX2.9\tex\latex\geometry\geometry.sty
Package: geometry 2010/09/12 v5.6 Page Geometry

(F:\MiKTeX2.9\tex\generic\oberdiek\ifpdf.sty
Package: ifpdf 2017/03/15 v3.2 Provides the ifpdf switch
)
(F:\MiKTeX2.9\tex\generic\oberdiek\ifvtex.sty
Package: ifvtex 2016/05/16 v1.6 Detect VTeX and its facilities (HO)
Package ifvtex Info: VTeX not detected.
)
(F:\MiKTeX2.9\tex\generic\ifxetex\ifxetex.sty
Package: ifxetex 2010/09/12 v0.6 Provides ifxetex conditional
)
\Gm@cnth=\count111
\Gm@cntv=\count112
\c@Gm@tempcnt=\count113
\Gm@bindingoffset=\dimen127
\Gm@wd@mp=\dimen128
\Gm@odd@mp=\dimen129
\Gm@even@mp=\dimen130
\Gm@layoutwidth=\dimen131
\Gm@layoutheight=\dimen132
\Gm@layouthoffset=\dimen133
\Gm@layoutvoffset=\dimen134
\Gm@dimlist=\toks22

(F:\MiKTeX2.9\tex\latex\geometry\geometry.cfg))

LaTeX Warning: Unused global option(s):
    [UTF8].

(report-main.aux (section/project1.aux) (section/project3.aux)
(section/project8.aux))
\openout1 = `report-main.aux'.

LaTeX Font Info:    Checking defaults for OML/cmm/m/it on input line 26.
LaTeX Font Info:    ... okay on input line 26.
LaTeX Font Info:    Checking defaults for T1/cmr/m/n on input line 26.
LaTeX Font Info:    ... okay on input line 26.
LaTeX Font Info:    Checking defaults for OT1/cmr/m/n on input line 26.
LaTeX Font Info:    ... okay on input line 26.
LaTeX Font Info:    Checking defaults for OMS/cmsy/m/n on input line 26.
LaTeX Font Info:    ... okay on input line 26.
LaTeX Font Info:    Checking defaults for OMX/cmex/m/n on input line 26.
LaTeX Font Info:    ... okay on input line 26.
LaTeX Font Info:    Checking defaults for U/cmr/m/n on input line 26.
LaTeX Font Info:    ... okay on input line 26.
\c@lstlisting=\count114
 (F:\MiKTeX2.9\tex\context\base\supp-pdf.mkii
[Loading MPS to PDF converter (version 2006.09.02).]
\scratchcounter=\count115
\scratchdimen=\dimen135
\scratchbox=\box30
\nofMPsegments=\count116
\nofMParguments=\count117
\everyMPshowfont=\toks23
\MPscratchCnt=\count118
\MPscratchDim=\dimen136
\MPnumerator=\count119
\makeMPintoPDFobject=\count120
\everyMPtoPDFconversion=\toks24
) (F:\MiKTeX2.9\tex\generic\oberdiek\pdftexcmds.sty
Package: pdftexcmds 2017/03/19 v0.25 Utility functions of pdfTeX for LuaTeX (HO
)

(F:\MiKTeX2.9\tex\generic\oberdiek\ifluatex.sty
Package: ifluatex 2016/05/16 v1.4 Provides the ifluatex switch (HO)
Package ifluatex Info: LuaTeX not detected.
)
Package pdftexcmds Info: LuaTeX not detected.
Package pdftexcmds Info: \pdf@primitive is available.
Package pdftexcmds Info: \pdf@ifprimitive is available.
Package pdftexcmds Info: \pdfdraftmode found.
)
(F:\MiKTeX2.9\tex\latex\oberdiek\epstopdf-base.sty
Package: epstopdf-base 2016/05/15 v2.6 Base part for package epstopdf

(F:\MiKTeX2.9\tex\latex\oberdiek\grfext.sty
Package: grfext 2016/05/16 v1.2 Manage graphics extensions (HO)

(F:\MiKTeX2.9\tex\generic\oberdiek\kvdefinekeys.sty
Package: kvdefinekeys 2016/05/16 v1.4 Define keys (HO)
))
(F:\MiKTeX2.9\tex\latex\oberdiek\kvoptions.sty
Package: kvoptions 2016/05/16 v3.12 Key value format for package options (HO)

(F:\MiKTeX2.9\tex\generic\oberdiek\kvsetkeys.sty
Package: kvsetkeys 2016/05/16 v1.17 Key value parser (HO)

(F:\MiKTeX2.9\tex\generic\oberdiek\etexcmds.sty
Package: etexcmds 2016/05/16 v1.6 Avoid name clashes with e-TeX commands (HO)
Package etexcmds Info: Could not find \expanded.
(etexcmds)             That can mean that you are not using pdfTeX 1.50 or
(etexcmds)             that some package has redefined \expanded.
(etexcmds)             In the latter case, load this package earlier.
)))
Package epstopdf-base Info: Redefining graphics rule for `.eps' on input line 4
38.
Package grfext Info: Graphics extension search list:
(grfext)             [.png,.pdf,.jpg,.mps,.jpeg,.jbig2,.jb2,.PNG,.PDF,.JPG,.JPE
G,.JBIG2,.JB2,.eps]
(grfext)             \AppendGraphicsExtensions on input line 456.
)
Package caption Info: Begin \AtBeginDocument code.
Package caption Info: End \AtBeginDocument code.

*geometry* driver: auto-detecting
*geometry* detected driver: pdftex
*geometry* verbose mode - [ preamble ] result:
* driver: pdftex
* paper: a4paper
* layout: <same size as paper>
* layoutoffset:(h,v)=(0.0pt,0.0pt)
* modes: 
* h-part:(L,W,R)=(56.9055pt, 483.69687pt, 56.9055pt)
* v-part:(T,H,B)=(56.9055pt, 731.23584pt, 56.9055pt)
* \paperwidth=597.50787pt
* \paperheight=845.04684pt
* \textwidth=483.69687pt
* \textheight=731.23584pt
* \oddsidemargin=-15.36449pt
* \evensidemargin=-15.36449pt
* \topmargin=-52.36449pt
* \headheight=12.0pt
* \headsep=25.0pt
* \topskip=10.0pt
* \footskip=30.0pt
* \marginparwidth=57.0pt
* \marginparsep=11.0pt
* \columnsep=10.0pt
* \skip\footins=9.0pt plus 4.0pt minus 2.0pt
* \hoffset=0.0pt
* \voffset=0.0pt
* \mag=1000
* \@twocolumnfalse
* \@twosidefalse
* \@mparswitchfalse
* \@reversemarginfalse
* (1in=72.27pt=25.4mm, 1cm=28.453pt)

[1

{C:/ProgramData/MiKTeX/2.9/pdftex/config/pdftex.map}] (report-main.toc)
\tf@toc=\write3
\openout3 = `report-main.toc'.


[2

] (F:\MiKTeX2.9\tex\latex\listings\lstlang1.sty
File: lstlang1.sty 2015/06/04 1.6 listings language file
)
\openout2 = `section/project1.aux'.

 (section/project1.tex)
[3


]
\openout2 = `section/project3.aux'.

 (section/project3.tex) [4


]
\openout2 = `section/project8.aux'.

 (section/project8.tex
Overfull \hbox (1.72916pt too wide) in paragraph at lines 13--25
 [][] 
 []


Underfull \hbox (badness 10000) in paragraph at lines 28--29

 []


Underfull \hbox (badness 10000) in paragraph at lines 37--39

 []

[5


]
Underfull \hbox (badness 10000) in paragraph at lines 44--46

 []

<myfigure/p8/fig0929(a).png, id=29, 889.07156pt x 417.05812pt>
File: myfigure/p8/fig0929(a).png Graphic file (type png)

<use myfigure/p8/fig0929(a).png>
Package pdftex.def Info: myfigure/p8/fig0929(a).png used on input line 50.
(pdftex.def)             Requested size: 217.66211pt x 102.10059pt.

<myfigure/p8/fig0929(b).png, id=30, 889.07156pt x 417.05812pt>
File: myfigure/p8/fig0929(b).png Graphic file (type png)

<use myfigure/p8/fig0929(b).png>
Package pdftex.def Info: myfigure/p8/fig0929(b).png used on input line 55.
(pdftex.def)             Requested size: 217.66211pt x 102.10059pt.

<myfigure/p8/fig0929(c).png, id=31, 889.07156pt x 417.05812pt>
File: myfigure/p8/fig0929(c).png Graphic file (type png)

<use myfigure/p8/fig0929(c).png>
Package pdftex.def Info: myfigure/p8/fig0929(c).png used on input line 60.
(pdftex.def)             Requested size: 217.66211pt x 102.10059pt.

<myfigure/p8/fig0929(d).png, id=32, 889.07156pt x 417.05812pt>
File: myfigure/p8/fig0929(d).png Graphic file (type png)

<use myfigure/p8/fig0929(d).png>
Package pdftex.def Info: myfigure/p8/fig0929(d).png used on input line 65.
(pdftex.def)             Requested size: 217.66211pt x 102.10059pt.

<myfigure/p8/fig0929(d20).png, id=33, 889.07156pt x 417.05812pt>
File: myfigure/p8/fig0929(d20).png Graphic file (type png)

<use myfigure/p8/fig0929(d20).png>
Package pdftex.def Info: myfigure/p8/fig0929(d20).png used on input line 77.
(pdftex.def)             Requested size: 217.66211pt x 102.10059pt.
File: myfigure/p8/fig0929(d).png Graphic file (type png)
 <use myfigure/p8/fig0929(d).png>
Package pdftex.def Info: myfigure/p8/fig0929(d).png used on input line 82.
(pdftex.def)             Requested size: 217.66211pt x 102.10059pt.
 [6 <./myfigure/p8/fig0929(a).png (PNG copy)> <./myfigure/p8/fig0929(b).png (PN
G copy)> <./myfigure/p8/fig0929(c).png (PNG copy)> <./myfigure/p8/fig0929(d).pn
g (PNG copy)>]
File: myfigure/p8/fig0929(a).png Graphic file (type png)
 <use myfigure/p8/fig0929(a).png>
Package pdftex.def Info: myfigure/p8/fig0929(a).png used on input line 105.
(pdftex.def)             Requested size: 217.66211pt x 102.10059pt.

<myfigure/p8/fig0931(b).png, id=38, 889.07156pt x 417.05812pt>
File: myfigure/p8/fig0931(b).png Graphic file (type png)

<use myfigure/p8/fig0931(b).png>
Package pdftex.def Info: myfigure/p8/fig0931(b).png used on input line 110.
(pdftex.def)             Requested size: 217.66211pt x 102.10059pt.

<myfigure/p8/fig0931(c).png, id=39, 889.07156pt x 417.05812pt>
File: myfigure/p8/fig0931(c).png Graphic file (type png)

<use myfigure/p8/fig0931(c).png>
Package pdftex.def Info: myfigure/p8/fig0931(c).png used on input line 115.
(pdftex.def)             Requested size: 217.66211pt x 102.10059pt.
File: myfigure/p8/fig0929(d).png Graphic file (type png)
 <use myfigure/p8/fig0929(d).png>
Package pdftex.def Info: myfigure/p8/fig0929(d).png used on input line 120.
(pdftex.def)             Requested size: 217.66211pt x 102.10059pt.

<myfigure/p8/fig0931(d100).png, id=40, 889.07156pt x 417.05812pt>
File: myfigure/p8/fig0931(d100).png Graphic file (type png)

<use myfigure/p8/fig0931(d100).png>
Package pdftex.def Info: myfigure/p8/fig0931(d100).png used on input line 131.
(pdftex.def)             Requested size: 217.66211pt x 102.10059pt.

<myfigure/p8/fig0931(d200).png, id=41, 889.07156pt x 417.05812pt>
File: myfigure/p8/fig0931(d200).png Graphic file (type png)

<use myfigure/p8/fig0931(d200).png>
Package pdftex.def Info: myfigure/p8/fig0931(d200).png used on input line 136.
(pdftex.def)             Requested size: 217.66211pt x 102.10059pt.

<myfigure/p8/fig0931(d400).png, id=42, 889.07156pt x 417.05812pt>
File: myfigure/p8/fig0931(d400).png Graphic file (type png)

<use myfigure/p8/fig0931(d400).png>
Package pdftex.def Info: myfigure/p8/fig0931(d400).png used on input line 141.
(pdftex.def)             Requested size: 217.66211pt x 102.10059pt.

<myfigure/p8/fig0931(d).png, id=43, 889.07156pt x 417.05812pt>
File: myfigure/p8/fig0931(d).png Graphic file (type png)

<use myfigure/p8/fig0931(d).png>
Package pdftex.def Info: myfigure/p8/fig0931(d).png used on input line 146.
(pdftex.def)             Requested size: 217.66211pt x 102.10059pt.


LaTeX Warning: `!h' float specifier changed to `!ht'.

[7 <./myfigure/p8/fig0929(d20).png (PNG copy)> <./myfigure/p8/fig0931(b).png (P
NG copy)> <./myfigure/p8/fig0931(c).png (PNG copy)>]
<myfigure/p8/fig0932(a).png, id=49, 889.07156pt x 417.05812pt>
File: myfigure/p8/fig0932(a).png Graphic file (type png)

<use myfigure/p8/fig0932(a).png>
Package pdftex.def Info: myfigure/p8/fig0932(a).png used on input line 170.
(pdftex.def)             Requested size: 217.66211pt x 102.10059pt.

<myfigure/p8/fig0932(b).png, id=50, 889.07156pt x 417.05812pt>
File: myfigure/p8/fig0932(b).png Graphic file (type png)

<use myfigure/p8/fig0932(b).png>
Package pdftex.def Info: myfigure/p8/fig0932(b).png used on input line 175.
(pdftex.def)             Requested size: 217.66211pt x 102.10059pt.

Underfull \hbox (badness 10000) in paragraph at lines 184--187

 []

LaTeX Font Info:    Try loading font information for OMS+cmr on input line 192.

(F:\MiKTeX2.9\tex\latex\base\omscmr.fd
File: omscmr.fd 2014/09/29 v2.5h Standard LaTeX font definitions
)
LaTeX Font Info:    Font shape `OMS/cmr/m/n' in size <10> not available
(Font)              Font shape `OMS/cmsy/m/n' tried instead on input line 192.
 [8 <./myfigure/p8/fig0931(d100).png (PNG copy)> <./myfigure/p8/fig0931(d200).p
ng (PNG copy)> <./myfigure/p8/fig0931(d400).png (PNG copy)> <./myfigure/p8/fig0
931(d).png (PNG copy)> <./myfigure/p8/fig0932(a).png (PNG copy)> <./myfigure/p8
/fig0932(b).png (PNG copy)>]) [9]
(report-main.aux (section/project1.aux) (section/project3.aux)
(section/project8.aux)) ) 
Here is how much of TeX's memory you used:
 5802 strings out of 493323
 83661 string characters out of 3145557
 231603 words of memory out of 3000000
 9245 multiletter control sequences out of 15000+200000
 9668 words of font info for 35 fonts, out of 3000000 for 9000
 1141 hyphenation exceptions out of 8191
 42i,17n,41p,854b,2013s stack positions out of 5000i,500n,10000p,200000b,50000s
<F:/MiKTeX2.9/fonts/type1/public/amsfonts/cm/cmbx10.pf
b><F:/MiKTeX2.9/fonts/type1/public/amsfonts/cm/cmbx12.pfb><F:/MiKTeX2.9/fonts/t
ype1/public/amsfonts/cm/cmex10.pfb><F:/MiKTeX2.9/fonts/type1/public/amsfonts/cm
/cmmi10.pfb><F:/MiKTeX2.9/fonts/type1/public/amsfonts/cm/cmmi5.pfb><F:/MiKTeX2.
9/fonts/type1/public/amsfonts/cm/cmmi7.pfb><F:/MiKTeX2.9/fonts/type1/public/ams
fonts/cm/cmr10.pfb><F:/MiKTeX2.9/fonts/type1/public/amsfonts/cm/cmr12.pfb><F:/M
iKTeX2.9/fonts/type1/public/amsfonts/cm/cmr17.pfb><F:/MiKTeX2.9/fonts/type1/pub
lic/amsfonts/cm/cmr5.pfb><F:/MiKTeX2.9/fonts/type1/public/amsfonts/cm/cmr7.pfb>
<F:/MiKTeX2.9/fonts/type1/public/amsfonts/cm/cmr9.pfb><F:/MiKTeX2.9/fonts/type1
/public/amsfonts/cm/cmsy10.pfb><F:/MiKTeX2.9/fonts/type1/public/amsfonts/cm/cms
y7.pfb><F:/MiKTeX2.9/fonts/type1/public/amsfonts/cm/cmti10.pfb>
Output written on report-main.pdf (9 pages, 403091 bytes).
PDF statistics:
 105 PDF objects out of 1000 (max. 8388607)
 0 named destinations out of 1000 (max. 500000)
 66 words of extra memory for PDF output out of 10000 (max. 10000000)

